==3183== NVPROF is profiling process 3183, command: ./matrixMul_concurrent --streams=8 --wA=64 --wB=64 --hA=64 --hB=64
[Matrix Multiply Using CUDA] - Starting...
GPU Device 0: "Tesla V100-SXM2-16GB" with compute capability 7.0

> Detected Compute SM 7.0 hardware with 80 multi-processors
MatrixA(64,64), MatrixB(64,64)
Computing result using CUDA Kernel...
done
Performance= 23.81 GFlop/s, Time= 0.022 msec, Size= 524288 Ops, WorkgroupSize= 1024 threads/block
Checking computed result for correctness: Result = PASS

NOTE: The CUDA Samples are not meant for performance measurements. Results may vary when GPU Boost is enabled.
==3183== Profiling application: ./matrixMul_concurrent --streams=8 --wA=64 --wB=64 --hA=64 --hB=64
==3183== Profiling result:
   Start  Duration            Grid Size      Block Size     Regs*    SSMem*    DSMem*      Size  Throughput  SrcMemType  DstMemType           Device   Context    Stream  Name
347.86ms  3.4240us                    -               -         -         -         -  16.000KB  4.4564GB/s    Pageable      Device  Tesla V100-SXM2         1        22  [CUDA memcpy HtoD]
347.88ms  3.4240us                    -               -         -         -         -  16.000KB  4.4564GB/s    Pageable      Device  Tesla V100-SXM2         1        22  [CUDA memcpy HtoD]
347.91ms  3.4560us                    -               -         -         -         -  16.000KB  4.4152GB/s    Pageable      Device  Tesla V100-SXM2         1        22  [CUDA memcpy HtoD]
347.93ms  3.4560us                    -               -         -         -         -  16.000KB  4.4152GB/s    Pageable      Device  Tesla V100-SXM2         1        22  [CUDA memcpy HtoD]
347.97ms  4.8640us              (2 2 1)       (32 32 1)        32  8.0000KB        0B         -           -           -           -  Tesla V100-SXM2         1        14  void matrixMulCUDA<int=32>(float*, float*, float*, int, int) [128]
348.00ms  4.5760us              (2 2 1)       (32 32 1)        32  8.0000KB        0B         -           -           -           -  Tesla V100-SXM2         1        14  void matrixMulCUDA<int=32>(float*, float*, float*, int, int) [139]
348.01ms  4.8000us              (2 2 1)       (32 32 1)        32  8.0000KB        0B         -           -           -           -  Tesla V100-SXM2         1        14  void matrixMulCUDA_int<int=32>(int*, int*, int*, int, int) [146]
348.02ms  4.6400us              (2 2 1)       (32 32 1)        32  8.0000KB        0B         -           -           -           -  Tesla V100-SXM2         1        15  void matrixMulCUDA<int=32>(float*, float*, float*, int, int) [153]
348.03ms  4.5760us              (2 2 1)       (32 32 1)        32  8.0000KB        0B         -           -           -           -  Tesla V100-SXM2         1        15  void matrixMulCUDA_int<int=32>(int*, int*, int*, int, int) [160]
348.06ms  4.6720us              (2 2 1)       (32 32 1)        32  8.0000KB        0B         -           -           -           -  Tesla V100-SXM2         1        16  void matrixMulCUDA<int=32>(float*, float*, float*, int, int) [167]
348.07ms  4.5440us              (2 2 1)       (32 32 1)        32  8.0000KB        0B         -           -           -           -  Tesla V100-SXM2         1        16  void matrixMulCUDA_int<int=32>(int*, int*, int*, int, int) [174]
348.08ms  4.6720us              (2 2 1)       (32 32 1)        32  8.0000KB        0B         -           -           -           -  Tesla V100-SXM2         1        17  void matrixMulCUDA<int=32>(float*, float*, float*, int, int) [181]
348.09ms  4.5440us              (2 2 1)       (32 32 1)        32  8.0000KB        0B         -           -           -           -  Tesla V100-SXM2         1        17  void matrixMulCUDA_int<int=32>(int*, int*, int*, int, int) [188]
348.10ms  4.6400us              (2 2 1)       (32 32 1)        32  8.0000KB        0B         -           -           -           -  Tesla V100-SXM2         1        18  void matrixMulCUDA<int=32>(float*, float*, float*, int, int) [195]
348.11ms  4.5760us              (2 2 1)       (32 32 1)        32  8.0000KB        0B         -           -           -           -  Tesla V100-SXM2         1        18  void matrixMulCUDA_int<int=32>(int*, int*, int*, int, int) [202]
348.12ms  4.6400us              (2 2 1)       (32 32 1)        32  8.0000KB        0B         -           -           -           -  Tesla V100-SXM2         1        19  void matrixMulCUDA<int=32>(float*, float*, float*, int, int) [209]
348.13ms  4.5120us              (2 2 1)       (32 32 1)        32  8.0000KB        0B         -           -           -           -  Tesla V100-SXM2         1        19  void matrixMulCUDA_int<int=32>(int*, int*, int*, int, int) [216]
348.14ms  4.6720us              (2 2 1)       (32 32 1)        32  8.0000KB        0B         -           -           -           -  Tesla V100-SXM2         1        20  void matrixMulCUDA<int=32>(float*, float*, float*, int, int) [223]
348.15ms  4.5120us              (2 2 1)       (32 32 1)        32  8.0000KB        0B         -           -           -           -  Tesla V100-SXM2         1        20  void matrixMulCUDA_int<int=32>(int*, int*, int*, int, int) [230]
348.16ms  4.6720us              (2 2 1)       (32 32 1)        32  8.0000KB        0B         -           -           -           -  Tesla V100-SXM2         1        21  void matrixMulCUDA<int=32>(float*, float*, float*, int, int) [237]
348.17ms  4.5440us              (2 2 1)       (32 32 1)        32  8.0000KB        0B         -           -           -           -  Tesla V100-SXM2         1        21  void matrixMulCUDA_int<int=32>(int*, int*, int*, int, int) [244]
348.18ms  4.5760us              (2 2 1)       (32 32 1)        32  8.0000KB        0B         -           -           -           -  Tesla V100-SXM2         1        14  void matrixMulCUDA<int=32>(float*, float*, float*, int, int) [251]
348.19ms  4.5760us              (2 2 1)       (32 32 1)        32  8.0000KB        0B         -           -           -           -  Tesla V100-SXM2         1        14  void matrixMulCUDA_int<int=32>(int*, int*, int*, int, int) [258]
348.19ms  4.5440us              (2 2 1)       (32 32 1)        32  8.0000KB        0B         -           -           -           -  Tesla V100-SXM2         1        15  void matrixMulCUDA<int=32>(float*, float*, float*, int, int) [265]
348.20ms  6.8480us              (2 2 1)       (32 32 1)        32  8.0000KB        0B         -           -           -           -  Tesla V100-SXM2         1        15  void matrixMulCUDA_int<int=32>(int*, int*, int*, int, int) [272]
348.24ms  2.4960us                    -               -         -         -         -  16.000KB  6.1133GB/s      Device    Pageable  Tesla V100-SXM2         1        22  [CUDA memcpy DtoH]

Regs: Number of registers used per CUDA thread. This number includes registers used internally by the CUDA driver and/or tools and can be more than what the compiler shows.
SSMem: Static shared memory allocated per CUDA block.
DSMem: Dynamic shared memory allocated per CUDA block.
SrcMemType: The type of source memory accessed by memory operation/copy
DstMemType: The type of destination memory accessed by memory operation/copy
