==5106== NVPROF is profiling process 5106, command: ./matrixMul_concurrent --streams=1 --wA=256 --wB=256 --hA=256 --hB=256
==5106== Profiling application: ./matrixMul_concurrent --streams=1 --wA=256 --wB=256 --hA=256 --hB=256
[Matrix Multiply Using CUDA] - Starting...
GPU Device 0: "Tesla V100-SXM2-16GB" with compute capability 7.0

> Detected Compute SM 7.0 hardware with 80 multi-processors
MatrixA(256,256), MatrixB(256,256)
Computing result using CUDA Kernel...
done
Performance= 1177.38 GFlop/s, Time= 0.028 msec, Size= 33554432 Ops, WorkgroupSize= 1024 threads/block
Checking computed result for correctness: Result = PASS

NOTE: The CUDA Samples are not meant for performance measurements. Results may vary when GPU Boost is enabled.
==5106== Profiling result:
   Start  Duration            Grid Size      Block Size     Regs*    SSMem*    DSMem*      Size  Throughput  SrcMemType  DstMemType           Device   Context    Stream  Name
375.10ms  28.480us                    -               -         -         -         -  256.00KB  8.5724GB/s    Pageable      Device  Tesla V100-SXM2         1        15  [CUDA memcpy HtoD]
375.19ms  27.904us                    -               -         -         -         -  256.00KB  8.7493GB/s    Pageable      Device  Tesla V100-SXM2         1        15  [CUDA memcpy HtoD]
375.28ms  27.520us                    -               -         -         -         -  256.00KB  8.8714GB/s    Pageable      Device  Tesla V100-SXM2         1        15  [CUDA memcpy HtoD]
375.36ms  27.424us                    -               -         -         -         -  256.00KB  8.9024GB/s    Pageable      Device  Tesla V100-SXM2         1        15  [CUDA memcpy HtoD]
375.41ms  15.296us              (8 8 1)       (32 32 1)        32  8.0000KB        0B         -           -           -           -  Tesla V100-SXM2         1        14  void matrixMulCUDA<int=32>(float*, float*, float*, int, int) [121]
375.46ms  14.944us              (8 8 1)       (32 32 1)        32  8.0000KB        0B         -           -           -           -  Tesla V100-SXM2         1        14  void matrixMulCUDA<int=32>(float*, float*, float*, int, int) [132]
375.48ms  15.200us              (8 8 1)       (32 32 1)        32  8.0000KB        0B         -           -           -           -  Tesla V100-SXM2         1        14  void matrixMulCUDA_int<int=32>(int*, int*, int*, int, int) [139]
375.49ms  14.976us              (8 8 1)       (32 32 1)        32  8.0000KB        0B         -           -           -           -  Tesla V100-SXM2         1        14  void matrixMulCUDA<int=32>(float*, float*, float*, int, int) [146]
375.51ms  14.912us              (8 8 1)       (32 32 1)        32  8.0000KB        0B         -           -           -           -  Tesla V100-SXM2         1        14  void matrixMulCUDA_int<int=32>(int*, int*, int*, int, int) [153]
375.53ms  14.912us              (8 8 1)       (32 32 1)        32  8.0000KB        0B         -           -           -           -  Tesla V100-SXM2         1        14  void matrixMulCUDA<int=32>(float*, float*, float*, int, int) [160]
375.54ms  14.912us              (8 8 1)       (32 32 1)        32  8.0000KB        0B         -           -           -           -  Tesla V100-SXM2         1        14  void matrixMulCUDA_int<int=32>(int*, int*, int*, int, int) [167]
375.56ms  14.976us              (8 8 1)       (32 32 1)        32  8.0000KB        0B         -           -           -           -  Tesla V100-SXM2         1        14  void matrixMulCUDA<int=32>(float*, float*, float*, int, int) [174]
375.57ms  14.912us              (8 8 1)       (32 32 1)        32  8.0000KB        0B         -           -           -           -  Tesla V100-SXM2         1        14  void matrixMulCUDA_int<int=32>(int*, int*, int*, int, int) [181]
375.59ms  14.943us              (8 8 1)       (32 32 1)        32  8.0000KB        0B         -           -           -           -  Tesla V100-SXM2         1        14  void matrixMulCUDA<int=32>(float*, float*, float*, int, int) [188]
375.60ms  14.944us              (8 8 1)       (32 32 1)        32  8.0000KB        0B         -           -           -           -  Tesla V100-SXM2         1        14  void matrixMulCUDA_int<int=32>(int*, int*, int*, int, int) [195]
375.62ms  14.944us              (8 8 1)       (32 32 1)        32  8.0000KB        0B         -           -           -           -  Tesla V100-SXM2         1        14  void matrixMulCUDA<int=32>(float*, float*, float*, int, int) [202]
375.64ms  14.944us              (8 8 1)       (32 32 1)        32  8.0000KB        0B         -           -           -           -  Tesla V100-SXM2         1        14  void matrixMulCUDA_int<int=32>(int*, int*, int*, int, int) [209]
375.65ms  14.976us              (8 8 1)       (32 32 1)        32  8.0000KB        0B         -           -           -           -  Tesla V100-SXM2         1        14  void matrixMulCUDA<int=32>(float*, float*, float*, int, int) [216]
375.67ms  14.912us              (8 8 1)       (32 32 1)        32  8.0000KB        0B         -           -           -           -  Tesla V100-SXM2         1        14  void matrixMulCUDA_int<int=32>(int*, int*, int*, int, int) [223]
375.68ms  15.008us              (8 8 1)       (32 32 1)        32  8.0000KB        0B         -           -           -           -  Tesla V100-SXM2         1        14  void matrixMulCUDA<int=32>(float*, float*, float*, int, int) [230]
375.70ms  14.912us              (8 8 1)       (32 32 1)        32  8.0000KB        0B         -           -           -           -  Tesla V100-SXM2         1        14  void matrixMulCUDA_int<int=32>(int*, int*, int*, int, int) [237]
375.72ms  14.944us              (8 8 1)       (32 32 1)        32  8.0000KB        0B         -           -           -           -  Tesla V100-SXM2         1        14  void matrixMulCUDA<int=32>(float*, float*, float*, int, int) [244]
375.73ms  14.912us              (8 8 1)       (32 32 1)        32  8.0000KB        0B         -           -           -           -  Tesla V100-SXM2         1        14  void matrixMulCUDA_int<int=32>(int*, int*, int*, int, int) [251]
375.75ms  14.912us              (8 8 1)       (32 32 1)        32  8.0000KB        0B         -           -           -           -  Tesla V100-SXM2         1        14  void matrixMulCUDA<int=32>(float*, float*, float*, int, int) [258]
375.76ms  14.912us              (8 8 1)       (32 32 1)        32  8.0000KB        0B         -           -           -           -  Tesla V100-SXM2         1        14  void matrixMulCUDA_int<int=32>(int*, int*, int*, int, int) [265]
375.77ms  21.312us                    -               -         -         -         -  256.00KB  11.456GB/s      Device    Pageable  Tesla V100-SXM2         1        15  [CUDA memcpy DtoH]

Regs: Number of registers used per CUDA thread. This number includes registers used internally by the CUDA driver and/or tools and can be more than what the compiler shows.
SSMem: Static shared memory allocated per CUDA block.
DSMem: Dynamic shared memory allocated per CUDA block.
SrcMemType: The type of source memory accessed by memory operation/copy
DstMemType: The type of destination memory accessed by memory operation/copy
