==5517== NVPROF is profiling process 5517, command: ./matrixMul_concurrent --streams=4 --wA=32 --wB=32 --hA=32 --hB=32
[Matrix Multiply Using CUDA] - Starting...
GPU Device 0: "Tesla V100-SXM2-16GB" with compute capability 7.0

> Detected Compute SM 7.0 hardware with 80 multi-processors
MatrixA(32,32), MatrixB(32,32)
Computing result using CUDA Kernel...
done
Performance= 3.15 GFlop/s, Time= 0.021 msec, Size= 65536 Ops, WorkgroupSize= 1024 threads/block
Checking computed result for correctness: Result = PASS

NOTE: The CUDA Samples are not meant for performance measurements. Results may vary when GPU Boost is enabled.
==5517== Profiling application: ./matrixMul_concurrent --streams=4 --wA=32 --wB=32 --hA=32 --hB=32
==5517== Profiling result:
   Start  Duration            Grid Size      Block Size     Regs*    SSMem*    DSMem*      Size  Throughput  SrcMemType  DstMemType           Device   Context    Stream  Name
349.72ms  2.2400us                    -               -         -         -         -  4.0000KB  1.7030GB/s    Pageable      Device  Tesla V100-SXM2         1        18  [CUDA memcpy HtoD]
349.74ms  2.0800us                    -               -         -         -         -  4.0000KB  1.8340GB/s    Pageable      Device  Tesla V100-SXM2         1        18  [CUDA memcpy HtoD]
349.76ms  2.1120us                    -               -         -         -         -  4.0000KB  1.8062GB/s    Pageable      Device  Tesla V100-SXM2         1        18  [CUDA memcpy HtoD]
349.77ms  2.1120us                    -               -         -         -         -  4.0000KB  1.8062GB/s    Pageable      Device  Tesla V100-SXM2         1        18  [CUDA memcpy HtoD]
349.81ms  3.2640us              (1 1 1)       (32 32 1)        32  8.0000KB        0B         -           -           -           -  Tesla V100-SXM2         1        14  void matrixMulCUDA<int=32>(float*, float*, float*, int, int) [124]
349.84ms  2.8800us              (1 1 1)       (32 32 1)        32  8.0000KB        0B         -           -           -           -  Tesla V100-SXM2         1        14  void matrixMulCUDA<int=32>(float*, float*, float*, int, int) [135]
349.86ms  3.2960us              (1 1 1)       (32 32 1)        32  8.0000KB        0B         -           -           -           -  Tesla V100-SXM2         1        15  void matrixMulCUDA_int<int=32>(int*, int*, int*, int, int) [142]
349.87ms  3.0080us              (1 1 1)       (32 32 1)        32  8.0000KB        0B         -           -           -           -  Tesla V100-SXM2         1        16  void matrixMulCUDA<int=32>(float*, float*, float*, int, int) [149]
349.88ms  3.0080us              (1 1 1)       (32 32 1)        32  8.0000KB        0B         -           -           -           -  Tesla V100-SXM2         1        17  void matrixMulCUDA_int<int=32>(int*, int*, int*, int, int) [156]
349.89ms  2.8480us              (1 1 1)       (32 32 1)        32  8.0000KB        0B         -           -           -           -  Tesla V100-SXM2         1        14  void matrixMulCUDA<int=32>(float*, float*, float*, int, int) [163]
349.90ms  2.8800us              (1 1 1)       (32 32 1)        32  8.0000KB        0B         -           -           -           -  Tesla V100-SXM2         1        15  void matrixMulCUDA_int<int=32>(int*, int*, int*, int, int) [170]
349.91ms  2.8480us              (1 1 1)       (32 32 1)        32  8.0000KB        0B         -           -           -           -  Tesla V100-SXM2         1        16  void matrixMulCUDA<int=32>(float*, float*, float*, int, int) [177]
349.92ms  2.8800us              (1 1 1)       (32 32 1)        32  8.0000KB        0B         -           -           -           -  Tesla V100-SXM2         1        17  void matrixMulCUDA_int<int=32>(int*, int*, int*, int, int) [184]
349.93ms  2.8800us              (1 1 1)       (32 32 1)        32  8.0000KB        0B         -           -           -           -  Tesla V100-SXM2         1        14  void matrixMulCUDA<int=32>(float*, float*, float*, int, int) [191]
349.94ms  2.8480us              (1 1 1)       (32 32 1)        32  8.0000KB        0B         -           -           -           -  Tesla V100-SXM2         1        15  void matrixMulCUDA_int<int=32>(int*, int*, int*, int, int) [198]
349.95ms  2.8160us              (1 1 1)       (32 32 1)        32  8.0000KB        0B         -           -           -           -  Tesla V100-SXM2         1        16  void matrixMulCUDA<int=32>(float*, float*, float*, int, int) [205]
349.96ms  2.8800us              (1 1 1)       (32 32 1)        32  8.0000KB        0B         -           -           -           -  Tesla V100-SXM2         1        17  void matrixMulCUDA_int<int=32>(int*, int*, int*, int, int) [212]
349.97ms  2.8800us              (1 1 1)       (32 32 1)        32  8.0000KB        0B         -           -           -           -  Tesla V100-SXM2         1        14  void matrixMulCUDA<int=32>(float*, float*, float*, int, int) [219]
349.98ms  2.8480us              (1 1 1)       (32 32 1)        32  8.0000KB        0B         -           -           -           -  Tesla V100-SXM2         1        15  void matrixMulCUDA_int<int=32>(int*, int*, int*, int, int) [226]
349.99ms  2.8480us              (1 1 1)       (32 32 1)        32  8.0000KB        0B         -           -           -           -  Tesla V100-SXM2         1        16  void matrixMulCUDA<int=32>(float*, float*, float*, int, int) [233]
350.00ms  2.8800us              (1 1 1)       (32 32 1)        32  8.0000KB        0B         -           -           -           -  Tesla V100-SXM2         1        17  void matrixMulCUDA_int<int=32>(int*, int*, int*, int, int) [240]
350.01ms  2.8480us              (1 1 1)       (32 32 1)        32  8.0000KB        0B         -           -           -           -  Tesla V100-SXM2         1        14  void matrixMulCUDA<int=32>(float*, float*, float*, int, int) [247]
350.02ms  2.8800us              (1 1 1)       (32 32 1)        32  8.0000KB        0B         -           -           -           -  Tesla V100-SXM2         1        15  void matrixMulCUDA_int<int=32>(int*, int*, int*, int, int) [254]
350.02ms  2.8480us              (1 1 1)       (32 32 1)        32  8.0000KB        0B         -           -           -           -  Tesla V100-SXM2         1        16  void matrixMulCUDA<int=32>(float*, float*, float*, int, int) [261]
350.04ms  5.5040us              (1 1 1)       (32 32 1)        32  8.0000KB        0B         -           -           -           -  Tesla V100-SXM2         1        17  void matrixMulCUDA_int<int=32>(int*, int*, int*, int, int) [268]
350.07ms  2.0800us                    -               -         -         -         -  4.0000KB  1.8340GB/s      Device    Pageable  Tesla V100-SXM2         1        18  [CUDA memcpy DtoH]

Regs: Number of registers used per CUDA thread. This number includes registers used internally by the CUDA driver and/or tools and can be more than what the compiler shows.
SSMem: Static shared memory allocated per CUDA block.
DSMem: Dynamic shared memory allocated per CUDA block.
SrcMemType: The type of source memory accessed by memory operation/copy
DstMemType: The type of destination memory accessed by memory operation/copy
