==5672== NVPROF is profiling process 5672, command: ./matrixMul_concurrent --streams=1 --wA=32 --wB=32 --hA=32 --hB=32
==5672== Profiling application: ./matrixMul_concurrent --streams=1 --wA=32 --wB=32 --hA=32 --hB=32
[Matrix Multiply Using CUDA] - Starting...
GPU Device 0: "Tesla V100-SXM2-16GB" with compute capability 7.0

> Detected Compute SM 7.0 hardware with 80 multi-processors
MatrixA(32,32), MatrixB(32,32)
Computing result using CUDA Kernel...
done
Performance= 2.64 GFlop/s, Time= 0.025 msec, Size= 65536 Ops, WorkgroupSize= 1024 threads/block
Checking computed result for correctness: Result = PASS

NOTE: The CUDA Samples are not meant for performance measurements. Results may vary when GPU Boost is enabled.
==5672== Profiling result:
   Start  Duration            Grid Size      Block Size     Regs*    SSMem*    DSMem*      Size  Throughput  SrcMemType  DstMemType           Device   Context    Stream  Name
381.29ms  2.2720us                    -               -         -         -         -  4.0000KB  1.6790GB/s    Pageable      Device  Tesla V100-SXM2         1        15  [CUDA memcpy HtoD]
381.30ms  2.1120us                    -               -         -         -         -  4.0000KB  1.8062GB/s    Pageable      Device  Tesla V100-SXM2         1        15  [CUDA memcpy HtoD]
381.33ms  2.1120us                    -               -         -         -         -  4.0000KB  1.8062GB/s    Pageable      Device  Tesla V100-SXM2         1        15  [CUDA memcpy HtoD]
381.34ms  2.0800us                    -               -         -         -         -  4.0000KB  1.8340GB/s    Pageable      Device  Tesla V100-SXM2         1        15  [CUDA memcpy HtoD]
381.39ms  3.2320us              (1 1 1)       (32 32 1)        32  8.0000KB        0B         -           -           -           -  Tesla V100-SXM2         1        14  void matrixMulCUDA<int=32>(float*, float*, float*, int, int) [121]
381.42ms  2.8800us              (1 1 1)       (32 32 1)        32  8.0000KB        0B         -           -           -           -  Tesla V100-SXM2         1        14  void matrixMulCUDA<int=32>(float*, float*, float*, int, int) [132]
381.43ms  3.2320us              (1 1 1)       (32 32 1)        32  8.0000KB        0B         -           -           -           -  Tesla V100-SXM2         1        14  void matrixMulCUDA_int<int=32>(int*, int*, int*, int, int) [139]
381.46ms  2.8800us              (1 1 1)       (32 32 1)        32  8.0000KB        0B         -           -           -           -  Tesla V100-SXM2         1        14  void matrixMulCUDA<int=32>(float*, float*, float*, int, int) [146]
381.48ms  2.8800us              (1 1 1)       (32 32 1)        32  8.0000KB        0B         -           -           -           -  Tesla V100-SXM2         1        14  void matrixMulCUDA_int<int=32>(int*, int*, int*, int, int) [153]
381.49ms  2.8800us              (1 1 1)       (32 32 1)        32  8.0000KB        0B         -           -           -           -  Tesla V100-SXM2         1        14  void matrixMulCUDA<int=32>(float*, float*, float*, int, int) [160]
381.50ms  2.9120us              (1 1 1)       (32 32 1)        32  8.0000KB        0B         -           -           -           -  Tesla V100-SXM2         1        14  void matrixMulCUDA_int<int=32>(int*, int*, int*, int, int) [167]
381.51ms  2.8800us              (1 1 1)       (32 32 1)        32  8.0000KB        0B         -           -           -           -  Tesla V100-SXM2         1        14  void matrixMulCUDA<int=32>(float*, float*, float*, int, int) [174]
381.52ms  2.8800us              (1 1 1)       (32 32 1)        32  8.0000KB        0B         -           -           -           -  Tesla V100-SXM2         1        14  void matrixMulCUDA_int<int=32>(int*, int*, int*, int, int) [181]
381.53ms  2.8800us              (1 1 1)       (32 32 1)        32  8.0000KB        0B         -           -           -           -  Tesla V100-SXM2         1        14  void matrixMulCUDA<int=32>(float*, float*, float*, int, int) [188]
381.54ms  2.8800us              (1 1 1)       (32 32 1)        32  8.0000KB        0B         -           -           -           -  Tesla V100-SXM2         1        14  void matrixMulCUDA_int<int=32>(int*, int*, int*, int, int) [195]
381.55ms  2.8810us              (1 1 1)       (32 32 1)        32  8.0000KB        0B         -           -           -           -  Tesla V100-SXM2         1        14  void matrixMulCUDA<int=32>(float*, float*, float*, int, int) [202]
381.56ms  2.8800us              (1 1 1)       (32 32 1)        32  8.0000KB        0B         -           -           -           -  Tesla V100-SXM2         1        14  void matrixMulCUDA_int<int=32>(int*, int*, int*, int, int) [209]
381.57ms  2.8800us              (1 1 1)       (32 32 1)        32  8.0000KB        0B         -           -           -           -  Tesla V100-SXM2         1        14  void matrixMulCUDA<int=32>(float*, float*, float*, int, int) [216]
381.59ms  2.8800us              (1 1 1)       (32 32 1)        32  8.0000KB        0B         -           -           -           -  Tesla V100-SXM2         1        14  void matrixMulCUDA_int<int=32>(int*, int*, int*, int, int) [223]
381.60ms  2.8800us              (1 1 1)       (32 32 1)        32  8.0000KB        0B         -           -           -           -  Tesla V100-SXM2         1        14  void matrixMulCUDA<int=32>(float*, float*, float*, int, int) [230]
381.61ms  2.9120us              (1 1 1)       (32 32 1)        32  8.0000KB        0B         -           -           -           -  Tesla V100-SXM2         1        14  void matrixMulCUDA_int<int=32>(int*, int*, int*, int, int) [237]
381.62ms  2.8800us              (1 1 1)       (32 32 1)        32  8.0000KB        0B         -           -           -           -  Tesla V100-SXM2         1        14  void matrixMulCUDA<int=32>(float*, float*, float*, int, int) [244]
381.63ms  2.9120us              (1 1 1)       (32 32 1)        32  8.0000KB        0B         -           -           -           -  Tesla V100-SXM2         1        14  void matrixMulCUDA_int<int=32>(int*, int*, int*, int, int) [251]
381.64ms  2.8800us              (1 1 1)       (32 32 1)        32  8.0000KB        0B         -           -           -           -  Tesla V100-SXM2         1        14  void matrixMulCUDA<int=32>(float*, float*, float*, int, int) [258]
381.65ms  2.8800us              (1 1 1)       (32 32 1)        32  8.0000KB        0B         -           -           -           -  Tesla V100-SXM2         1        14  void matrixMulCUDA_int<int=32>(int*, int*, int*, int, int) [265]
381.70ms  2.1120us                    -               -         -         -         -  4.0000KB  1.8062GB/s      Device    Pageable  Tesla V100-SXM2         1        15  [CUDA memcpy DtoH]

Regs: Number of registers used per CUDA thread. This number includes registers used internally by the CUDA driver and/or tools and can be more than what the compiler shows.
SSMem: Static shared memory allocated per CUDA block.
DSMem: Dynamic shared memory allocated per CUDA block.
SrcMemType: The type of source memory accessed by memory operation/copy
DstMemType: The type of destination memory accessed by memory operation/copy
