==5333== NVPROF is profiling process 5333, command: ./matrixMul_concurrent --streams=4 --wA=1024 --wB=1024 --hA=1024 --hB=1024
==5333== [Matrix Multiply Using CUDA] - Starting...
GPU Device 0: "Tesla V100-SXM2-16GB" with compute capability 7.0

> Detected Compute SM 7.0 hardware with 80 multi-processors
MatrixA(1024,1024), MatrixB(1024,1024)
Computing result using CUDA Kernel...
done
Performance= 85271.75 GFlop/s, Time= 0.025 msec, Size= 2147483648 Ops, WorkgroupSize= 1024 threads/block
Checking computed result for correctness: Result = PASS

NOTE: The CUDA Samples are not meant for performance measurements. Results may vary when GPU Boost is enabled.
Profiling application: ./matrixMul_concurrent --streams=4 --wA=1024 --wB=1024 --hA=1024 --hB=1024
==5333== Profiling result:
   Start  Duration            Grid Size      Block Size     Regs*    SSMem*    DSMem*      Size  Throughput  SrcMemType  DstMemType           Device   Context    Stream  Name
379.23ms  784.70us                    -               -         -         -         -  4.0000MB  4.9780GB/s    Pageable      Device  Tesla V100-SXM2         1        18  [CUDA memcpy HtoD]
380.21ms  746.62us                    -               -         -         -         -  4.0000MB  5.2319GB/s    Pageable      Device  Tesla V100-SXM2         1        18  [CUDA memcpy HtoD]
382.26ms  655.20us                    -               -         -         -         -  4.0000MB  5.9620GB/s    Pageable      Device  Tesla V100-SXM2         1        18  [CUDA memcpy HtoD]
383.10ms  671.81us                    -               -         -         -         -  4.0000MB  5.8146GB/s    Pageable      Device  Tesla V100-SXM2         1        18  [CUDA memcpy HtoD]
383.74ms  604.73us            (32 32 1)       (32 32 1)        32  8.0000KB        0B         -           -           -           -  Tesla V100-SXM2         1        14  void matrixMulCUDA<int=32>(float*, float*, float*, int, int) [124]
384.38ms  641.21us            (32 32 1)       (32 32 1)        32  8.0000KB        0B         -           -           -           -  Tesla V100-SXM2         1        14  void matrixMulCUDA<int=32>(float*, float*, float*, int, int) [135]
384.66ms  2.6048ms                    -               -         -         -         -  4.0000MB  1.4997GB/s      Device    Pageable  Tesla V100-SXM2         1        18  [CUDA memcpy DtoH]
384.92ms  691.68us            (32 32 1)       (32 32 1)        32  8.0000KB        0B         -           -           -           -  Tesla V100-SXM2         1        15  void matrixMulCUDA_int<int=32>(int*, int*, int*, int, int) [142]
385.50ms  698.65us            (32 32 1)       (32 32 1)        32  8.0000KB        0B         -           -           -           -  Tesla V100-SXM2         1        16  void matrixMulCUDA<int=32>(float*, float*, float*, int, int) [149]
386.08ms  685.85us            (32 32 1)       (32 32 1)        32  8.0000KB        0B         -           -           -           -  Tesla V100-SXM2         1        17  void matrixMulCUDA_int<int=32>(int*, int*, int*, int, int) [156]
386.65ms  665.79us            (32 32 1)       (32 32 1)        32  8.0000KB        0B         -           -           -           -  Tesla V100-SXM2         1        14  void matrixMulCUDA<int=32>(float*, float*, float*, int, int) [163]
387.22ms  693.05us            (32 32 1)       (32 32 1)        32  8.0000KB        0B         -           -           -           -  Tesla V100-SXM2         1        15  void matrixMulCUDA_int<int=32>(int*, int*, int*, int, int) [170]
387.80ms  677.24us            (32 32 1)       (32 32 1)        32  8.0000KB        0B         -           -           -           -  Tesla V100-SXM2         1        16  void matrixMulCUDA<int=32>(float*, float*, float*, int, int) [177]
388.37ms  691.16us            (32 32 1)       (32 32 1)        32  8.0000KB        0B         -           -           -           -  Tesla V100-SXM2         1        17  void matrixMulCUDA_int<int=32>(int*, int*, int*, int, int) [184]
388.95ms  679.48us            (32 32 1)       (32 32 1)        32  8.0000KB        0B         -           -           -           -  Tesla V100-SXM2         1        14  void matrixMulCUDA<int=32>(float*, float*, float*, int, int) [191]
389.53ms  687.90us            (32 32 1)       (32 32 1)        32  8.0000KB        0B         -           -           -           -  Tesla V100-SXM2         1        15  void matrixMulCUDA_int<int=32>(int*, int*, int*, int, int) [198]
390.10ms  673.76us            (32 32 1)       (32 32 1)        32  8.0000KB        0B         -           -           -           -  Tesla V100-SXM2         1        16  void matrixMulCUDA<int=32>(float*, float*, float*, int, int) [205]
390.68ms  691.04us            (32 32 1)       (32 32 1)        32  8.0000KB        0B         -           -           -           -  Tesla V100-SXM2         1        17  void matrixMulCUDA_int<int=32>(int*, int*, int*, int, int) [212]
391.27ms  680.28us            (32 32 1)       (32 32 1)        32  8.0000KB        0B         -           -           -           -  Tesla V100-SXM2         1        14  void matrixMulCUDA<int=32>(float*, float*, float*, int, int) [219]
391.83ms  689.50us            (32 32 1)       (32 32 1)        32  8.0000KB        0B         -           -           -           -  Tesla V100-SXM2         1        15  void matrixMulCUDA_int<int=32>(int*, int*, int*, int, int) [226]
392.41ms  698.81us            (32 32 1)       (32 32 1)        32  8.0000KB        0B         -           -           -           -  Tesla V100-SXM2         1        16  void matrixMulCUDA<int=32>(float*, float*, float*, int, int) [233]
392.99ms  671.04us            (32 32 1)       (32 32 1)        32  8.0000KB        0B         -           -           -           -  Tesla V100-SXM2         1        17  void matrixMulCUDA_int<int=32>(int*, int*, int*, int, int) [240]
393.56ms  697.82us            (32 32 1)       (32 32 1)        32  8.0000KB        0B         -           -           -           -  Tesla V100-SXM2         1        14  void matrixMulCUDA<int=32>(float*, float*, float*, int, int) [247]
394.13ms  702.75us            (32 32 1)       (32 32 1)        32  8.0000KB        0B         -           -           -           -  Tesla V100-SXM2         1        15  void matrixMulCUDA_int<int=32>(int*, int*, int*, int, int) [254]
394.71ms  696.35us            (32 32 1)       (32 32 1)        32  8.0000KB        0B         -           -           -           -  Tesla V100-SXM2         1        16  void matrixMulCUDA<int=32>(float*, float*, float*, int, int) [261]
395.29ms  653.76us            (32 32 1)       (32 32 1)        32  8.0000KB        0B         -           -           -           -  Tesla V100-SXM2         1        17  void matrixMulCUDA_int<int=32>(int*, int*, int*, int, int) [268]

Regs: Number of registers used per CUDA thread. This number includes registers used internally by the CUDA driver and/or tools and can be more than what the compiler shows.
SSMem: Static shared memory allocated per CUDA block.
DSMem: Dynamic shared memory allocated per CUDA block.
SrcMemType: The type of source memory accessed by memory operation/copy
DstMemType: The type of destination memory accessed by memory operation/copy
