==5198== NVPROF is profiling process 5198, command: ./matrixMul_concurrent --streams=2 --wA=1024 --wB=1024 --hA=1024 --hB=1024
==5198== [Matrix Multiply Using CUDA] - Starting...
GPU Device 0: "Tesla V100-SXM2-16GB" with compute capability 7.0

> Detected Compute SM 7.0 hardware with 80 multi-processors
MatrixA(1024,1024), MatrixB(1024,1024)
Computing result using CUDA Kernel...
done
Performance= 87942.42 GFlop/s, Time= 0.024 msec, Size= 2147483648 Ops, WorkgroupSize= 1024 threads/block
Checking computed result for correctness: Result = PASS

NOTE: The CUDA Samples are not meant for performance measurements. Results may vary when GPU Boost is enabled.
Profiling application: ./matrixMul_concurrent --streams=2 --wA=1024 --wB=1024 --hA=1024 --hB=1024
==5198== Profiling result:
   Start  Duration            Grid Size      Block Size     Regs*    SSMem*    DSMem*      Size  Throughput  SrcMemType  DstMemType           Device   Context    Stream  Name
410.55ms  687.07us                    -               -         -         -         -  4.0000MB  5.6854GB/s    Pageable      Device  Tesla V100-SXM2         1        16  [CUDA memcpy HtoD]
411.45ms  681.15us                    -               -         -         -         -  4.0000MB  5.7348GB/s    Pageable      Device  Tesla V100-SXM2         1        16  [CUDA memcpy HtoD]
413.61ms  682.49us                    -               -         -         -         -  4.0000MB  5.7235GB/s    Pageable      Device  Tesla V100-SXM2         1        16  [CUDA memcpy HtoD]
414.50ms  621.53us                    -               -         -         -         -  4.0000MB  6.2849GB/s    Pageable      Device  Tesla V100-SXM2         1        16  [CUDA memcpy HtoD]
415.12ms  605.50us            (32 32 1)       (32 32 1)        32  8.0000KB        0B         -           -           -           -  Tesla V100-SXM2         1        14  void matrixMulCUDA<int=32>(float*, float*, float*, int, int) [122]
415.76ms  677.63us            (32 32 1)       (32 32 1)        32  8.0000KB        0B         -           -           -           -  Tesla V100-SXM2         1        14  void matrixMulCUDA<int=32>(float*, float*, float*, int, int) [133]
416.04ms  2.6750ms                    -               -         -         -         -  4.0000MB  1.4603GB/s      Device    Pageable  Tesla V100-SXM2         1        16  [CUDA memcpy DtoH]
416.31ms  660.38us            (32 32 1)       (32 32 1)        32  8.0000KB        0B         -           -           -           -  Tesla V100-SXM2         1        15  void matrixMulCUDA_int<int=32>(int*, int*, int*, int, int) [140]
416.89ms  684.51us            (32 32 1)       (32 32 1)        32  8.0000KB        0B         -           -           -           -  Tesla V100-SXM2         1        14  void matrixMulCUDA<int=32>(float*, float*, float*, int, int) [147]
417.46ms  698.85us            (32 32 1)       (32 32 1)        32  8.0000KB        0B         -           -           -           -  Tesla V100-SXM2         1        15  void matrixMulCUDA_int<int=32>(int*, int*, int*, int, int) [154]
418.03ms  673.47us            (32 32 1)       (32 32 1)        32  8.0000KB        0B         -           -           -           -  Tesla V100-SXM2         1        14  void matrixMulCUDA<int=32>(float*, float*, float*, int, int) [161]
418.61ms  678.68us            (32 32 1)       (32 32 1)        32  8.0000KB        0B         -           -           -           -  Tesla V100-SXM2         1        15  void matrixMulCUDA_int<int=32>(int*, int*, int*, int, int) [168]
419.19ms  711.93us            (32 32 1)       (32 32 1)        32  8.0000KB        0B         -           -           -           -  Tesla V100-SXM2         1        14  void matrixMulCUDA<int=32>(float*, float*, float*, int, int) [175]
419.77ms  676.35us            (32 32 1)       (32 32 1)        32  8.0000KB        0B         -           -           -           -  Tesla V100-SXM2         1        15  void matrixMulCUDA_int<int=32>(int*, int*, int*, int, int) [182]
420.33ms  710.24us            (32 32 1)       (32 32 1)        32  8.0000KB        0B         -           -           -           -  Tesla V100-SXM2         1        14  void matrixMulCUDA<int=32>(float*, float*, float*, int, int) [189]
420.92ms  701.12us            (32 32 1)       (32 32 1)        32  8.0000KB        0B         -           -           -           -  Tesla V100-SXM2         1        15  void matrixMulCUDA_int<int=32>(int*, int*, int*, int, int) [196]
421.50ms  677.89us            (32 32 1)       (32 32 1)        32  8.0000KB        0B         -           -           -           -  Tesla V100-SXM2         1        14  void matrixMulCUDA<int=32>(float*, float*, float*, int, int) [203]
422.08ms  671.17us            (32 32 1)       (32 32 1)        32  8.0000KB        0B         -           -           -           -  Tesla V100-SXM2         1        15  void matrixMulCUDA_int<int=32>(int*, int*, int*, int, int) [210]
422.64ms  708.54us            (32 32 1)       (32 32 1)        32  8.0000KB        0B         -           -           -           -  Tesla V100-SXM2         1        14  void matrixMulCUDA<int=32>(float*, float*, float*, int, int) [217]
423.22ms  695.52us            (32 32 1)       (32 32 1)        32  8.0000KB        0B         -           -           -           -  Tesla V100-SXM2         1        15  void matrixMulCUDA_int<int=32>(int*, int*, int*, int, int) [224]
423.79ms  692.99us            (32 32 1)       (32 32 1)        32  8.0000KB        0B         -           -           -           -  Tesla V100-SXM2         1        14  void matrixMulCUDA<int=32>(float*, float*, float*, int, int) [231]
424.37ms  670.65us            (32 32 1)       (32 32 1)        32  8.0000KB        0B         -           -           -           -  Tesla V100-SXM2         1        15  void matrixMulCUDA_int<int=32>(int*, int*, int*, int, int) [238]
424.94ms  700.38us            (32 32 1)       (32 32 1)        32  8.0000KB        0B         -           -           -           -  Tesla V100-SXM2         1        14  void matrixMulCUDA<int=32>(float*, float*, float*, int, int) [245]
425.52ms  688.09us            (32 32 1)       (32 32 1)        32  8.0000KB        0B         -           -           -           -  Tesla V100-SXM2         1        15  void matrixMulCUDA_int<int=32>(int*, int*, int*, int, int) [252]
426.09ms  699.68us            (32 32 1)       (32 32 1)        32  8.0000KB        0B         -           -           -           -  Tesla V100-SXM2         1        14  void matrixMulCUDA<int=32>(float*, float*, float*, int, int) [259]
426.67ms  665.40us            (32 32 1)       (32 32 1)        32  8.0000KB        0B         -           -           -           -  Tesla V100-SXM2         1        15  void matrixMulCUDA_int<int=32>(int*, int*, int*, int, int) [266]

Regs: Number of registers used per CUDA thread. This number includes registers used internally by the CUDA driver and/or tools and can be more than what the compiler shows.
SSMem: Static shared memory allocated per CUDA block.
DSMem: Dynamic shared memory allocated per CUDA block.
SrcMemType: The type of source memory accessed by memory operation/copy
DstMemType: The type of destination memory accessed by memory operation/copy
