==2324== NVPROF is profiling process 2324, command: ./matrixMul_concurrent --streams=4
==2324== Profiling application: ./matrixMul_concurrent --streams=4
==2324== Profiling result:
   Start  Duration            Grid Size      Block Size     Regs*    SSMem*    DSMem*      Size  Throughput  SrcMemType  DstMemType           Device   Context    Stream  Name
340.30ms  283.33us                    -               -         -         -         -  1.8906MB  6.5164GB/s    Pageable      Device  Tesla V100-SXM2         1        18  [CUDA memcpy HtoD]
340.83ms  710.70us                    -               -         -         -         -  3.7813MB  5.1958GB/s    Pageable      Device  Tesla V100-SXM2         1        18  [CUDA memcpy HtoD]
342.82ms  328.17us                    -               -         -         -         -  1.8906MB  5.6262GB/s    Pageable      Device  Tesla V100-SXM2         1        18  [CUDA memcpy HtoD]
343.39ms  749.45us                    -               -         -         -         -  3.7813MB  4.9271GB/s    Pageable      Device  Tesla V100-SXM2         1        18  [CUDA memcpy HtoD]
344.14ms  4.2350ms            (44 22 1)       (32 32 1)        38        0B  14.844KB         -           -           -           -  Tesla V100-SXM2         1        14  void matrixMulCUDA<int=32>(float*, float*, float*, int, int) [124]
348.42ms  4.2308ms            (44 22 1)       (32 32 1)        38        0B  0.9766KB         -           -           -           -  Tesla V100-SXM2         1        14  void matrixMulCUDA<int=32>(float*, float*, float*, int, int) [135]
348.92ms  1.8535ms                    -               -         -         -         -  3.7813MB  1.9923GB/s      Device    Pageable  Tesla V100-SXM2         1        18  [CUDA memcpy DtoH]
352.32ms  3.7238ms            (44 22 1)       (32 32 1)        36        0B  0.9766KB         -           -           -           -  Tesla V100-SXM2         1        15  void matrixMulCUDA_int<int=32>(int*, int*, int*, int, int) [142]
355.76ms  3.7233ms            (44 22 1)       (32 32 1)        36        0B  0.9766KB         -           -           -           -  Tesla V100-SXM2         1        16  void matrixMulCUDA_int<int=32>(int*, int*, int*, int, int) [156]
359.19ms  3.7231ms            (44 22 1)       (32 32 1)        36        0B  0.9766KB         -           -           -           -  Tesla V100-SXM2         1        17  void matrixMulCUDA_int<int=32>(int*, int*, int*, int, int) [170]
362.63ms  3.7228ms            (44 22 1)       (32 32 1)        36        0B  0.9766KB         -           -           -           -  Tesla V100-SXM2         1        14  void matrixMulCUDA_int<int=32>(int*, int*, int*, int, int) [184]
366.07ms  4.2340ms            (44 22 1)       (32 32 1)        38        0B  0.9766KB         -           -           -           -  Tesla V100-SXM2         1        15  void matrixMulCUDA<int=32>(float*, float*, float*, int, int) [149]
369.97ms  4.2300ms            (44 22 1)       (32 32 1)        38        0B  0.9766KB         -           -           -           -  Tesla V100-SXM2         1        16  void matrixMulCUDA<int=32>(float*, float*, float*, int, int) [163]
373.87ms  4.2324ms            (44 22 1)       (32 32 1)        38        0B  0.9766KB         -           -           -           -  Tesla V100-SXM2         1        17  void matrixMulCUDA<int=32>(float*, float*, float*, int, int) [177]
377.78ms  4.2310ms            (44 22 1)       (32 32 1)        38        0B  0.9766KB         -           -           -           -  Tesla V100-SXM2         1        14  void matrixMulCUDA<int=32>(float*, float*, float*, int, int) [191]
381.71ms  3.7364ms            (44 22 1)       (32 32 1)        36        0B  0.9766KB         -           -           -           -  Tesla V100-SXM2         1        15  void matrixMulCUDA_int<int=32>(int*, int*, int*, int, int) [198]
385.39ms  3.7278ms            (44 22 1)       (32 32 1)        36        0B  0.9766KB         -           -           -           -  Tesla V100-SXM2         1        16  void matrixMulCUDA_int<int=32>(int*, int*, int*, int, int) [212]
388.83ms  3.7226ms            (44 22 1)       (32 32 1)        36        0B  0.9766KB         -           -           -           -  Tesla V100-SXM2         1        17  void matrixMulCUDA_int<int=32>(int*, int*, int*, int, int) [226]
392.27ms  3.7237ms            (44 22 1)       (32 32 1)        36        0B  0.9766KB         -           -           -           -  Tesla V100-SXM2         1        14  void matrixMulCUDA_int<int=32>(int*, int*, int*, int, int) [240]
395.71ms  4.2350ms            (44 22 1)       (32 32 1)        38        0B  0.9766KB         -           -           -           -  Tesla V100-SXM2         1        15  void matrixMulCUDA<int=32>(float*, float*, float*, int, int) [205]
399.62ms  4.2352ms            (44 22 1)       (32 32 1)        38        0B  0.9766KB         -           -           -           -  Tesla V100-SXM2         1        16  void matrixMulCUDA<int=32>(float*, float*, float*, int, int) [219]
403.55ms  4.2336ms            (44 22 1)       (32 32 1)        38        0B  0.9766KB         -           -           -           -  Tesla V100-SXM2         1        17  void matrixMulCUDA<int=32>(float*, float*, float*, int, int) [233]
407.45ms  4.2399ms            (44 22 1)       (32 32 1)        38        0B  0.9766KB         -           -           -           -  Tesla V100-SXM2         1        14  void matrixMulCUDA<int=32>(float*, float*, float*, int, int) [247]
411.36ms  3.7389ms            (44 22 1)       (32 32 1)        36        0B  0.9766KB         -           -           -           -  Tesla V100-SXM2         1        15  void matrixMulCUDA_int<int=32>(int*, int*, int*, int, int) [254]
414.83ms  3.7248ms            (44 22 1)       (32 32 1)        36        0B  0.9766KB         -           -           -           -  Tesla V100-SXM2         1        16  void matrixMulCUDA_int<int=32>(int*, int*, int*, int, int) [268]
418.27ms  3.7240ms            (44 22 1)       (32 32 1)        36        0B  0.9766KB         -           -           -           -  Tesla V100-SXM2         1        17  void matrixMulCUDA_int<int=32>(int*, int*, int*, int, int) [282]
421.90ms  3.7269ms            (44 22 1)       (32 32 1)        36        0B  0.9766KB         -           -           -           -  Tesla V100-SXM2         1        14  void matrixMulCUDA_int<int=32>(int*, int*, int*, int, int) [296]
425.34ms  4.2373ms            (44 22 1)       (32 32 1)        38        0B  0.9766KB         -           -           -           -  Tesla V100-SXM2         1        15  void matrixMulCUDA<int=32>(float*, float*, float*, int, int) [261]
429.25ms  4.2478ms            (44 22 1)       (32 32 1)        38        0B  0.9766KB         -           -           -           -  Tesla V100-SXM2         1        16  void matrixMulCUDA<int=32>(float*, float*, float*, int, int) [275]
433.19ms  4.2348ms            (44 22 1)       (32 32 1)        38        0B  0.9766KB         -           -           -           -  Tesla V100-SXM2         1        17  void matrixMulCUDA<int=32>(float*, float*, float*, int, int) [289]
437.10ms  4.2309ms            (44 22 1)       (32 32 1)        38        0B  0.9766KB         -           -           -           -  Tesla V100-SXM2         1        14  void matrixMulCUDA<int=32>(float*, float*, float*, int, int) [303]
441.00ms  3.7450ms            (44 22 1)       (32 32 1)        36        0B  0.9766KB         -           -           -           -  Tesla V100-SXM2         1        15  void matrixMulCUDA_int<int=32>(int*, int*, int*, int, int) [310]
444.46ms  3.7302ms            (44 22 1)       (32 32 1)        36        0B  0.9766KB         -           -           -           -  Tesla V100-SXM2         1        16  void matrixMulCUDA_int<int=32>(int*, int*, int*, int, int) [324]
447.90ms  3.7237ms            (44 22 1)       (32 32 1)        36        0B  0.9766KB         -           -           -           -  Tesla V100-SXM2         1        17  void matrixMulCUDA_int<int=32>(int*, int*, int*, int, int) [338]
451.34ms  3.7259ms            (44 22 1)       (32 32 1)        36        0B  0.9766KB         -           -           -           -  Tesla V100-SXM2         1        14  void matrixMulCUDA_int<int=32>(int*, int*, int*, int, int) [352]
454.78ms  4.2483ms            (44 22 1)       (32 32 1)        38        0B  0.9766KB         -           -           -           -  Tesla V100-SXM2         1        15  void matrixMulCUDA<int=32>(float*, float*, float*, int, int) [317]
458.87ms  4.2459ms            (44 22 1)       (32 32 1)        38        0B  0.9766KB         -           -           -           -  Tesla V100-SXM2         1        16  void matrixMulCUDA<int=32>(float*, float*, float*, int, int) [331]
462.81ms  4.2454ms            (44 22 1)       (32 32 1)        38        0B  0.9766KB         -           -           -           -  Tesla V100-SXM2         1        17  void matrixMulCUDA<int=32>(float*, float*, float*, int, int) [345]
466.73ms  4.2330ms            (44 22 1)       (32 32 1)        38        0B  0.9766KB         -           -           -           -  Tesla V100-SXM2         1        14  void matrixMulCUDA<int=32>(float*, float*, float*, int, int) [359]
470.64ms  3.7475ms            (44 22 1)       (32 32 1)        36        0B  0.9766KB         -           -           -           -  Tesla V100-SXM2         1        15  void matrixMulCUDA_int<int=32>(int*, int*, int*, int, int) [366]
474.10ms  3.7242ms            (44 22 1)       (32 32 1)        36        0B  0.9766KB         -           -           -           -  Tesla V100-SXM2         1        16  void matrixMulCUDA_int<int=32>(int*, int*, int*, int, int) [380]
477.54ms  3.7268ms            (44 22 1)       (32 32 1)        36        0B  0.9766KB         -           -           -           -  Tesla V100-SXM2         1        17  void matrixMulCUDA_int<int=32>(int*, int*, int*, int, int) [394]
480.98ms  3.7246ms            (44 22 1)       (32 32 1)        36        0B  0.9766KB         -           -           -           -  Tesla V100-SXM2         1        14  void matrixMulCUDA_int<int=32>(int*, int*, int*, int, int) [408]
484.41ms  4.2366ms            (44 22 1)       (32 32 1)        38        0B  0.9766KB         -           -           -           -  Tesla V100-SXM2         1        15  void matrixMulCUDA<int=32>(float*, float*, float*, int, int) [373]
488.32ms  4.2357ms            (44 22 1)       (32 32 1)        38        0B  0.9766KB         -           -           -           -  Tesla V100-SXM2         1        16  void matrixMulCUDA<int=32>(float*, float*, float*, int, int) [387]
492.26ms  4.2645ms            (44 22 1)       (32 32 1)        38        0B  0.9766KB         -           -           -           -  Tesla V100-SXM2         1        17  void matrixMulCUDA<int=32>(float*, float*, float*, int, int) [401]

Regs: Number of registers used per CUDA thread. This number includes registers used internally by the CUDA driver and/or tools and can be more than what the compiler shows.
SSMem: Static shared memory allocated per CUDA block.
DSMem: Dynamic shared memory allocated per CUDA block.
SrcMemType: The type of source memory accessed by memory operation/copy
DstMemType: The type of destination memory accessed by memory operation/copy
